{"synthetic": false,
 "schemaVersion": "2025-09-10",
 "outputs":
 {"o": ["8c329791d9fdb944.olean"],
  "i": "da97b6dcb5ab3797.ilean",
  "c": "4e8a083d18662cf5.c"},
 "log":
 [{"message":
   ".> LEAN_PATH=C:\\Users\\Arnav\\Desktop\\programming\\mypy_plugin\\lean_proofs\\.lake\\packages\\Cli\\.lake\\build\\lib\\lean;C:\\Users\\Arnav\\Desktop\\programming\\mypy_plugin\\lean_proofs\\.lake\\packages\\batteries\\.lake\\build\\lib\\lean;C:\\Users\\Arnav\\Desktop\\programming\\mypy_plugin\\lean_proofs\\.lake\\packages\\Qq\\.lake\\build\\lib\\lean;C:\\Users\\Arnav\\Desktop\\programming\\mypy_plugin\\lean_proofs\\.lake\\packages\\aesop\\.lake\\build\\lib\\lean;C:\\Users\\Arnav\\Desktop\\programming\\mypy_plugin\\lean_proofs\\.lake\\packages\\proofwidgets\\.lake\\build\\lib\\lean;C:\\Users\\Arnav\\Desktop\\programming\\mypy_plugin\\lean_proofs\\.lake\\packages\\importGraph\\.lake\\build\\lib\\lean;C:\\Users\\Arnav\\Desktop\\programming\\mypy_plugin\\lean_proofs\\.lake\\packages\\LeanSearchClient\\.lake\\build\\lib\\lean;C:\\Users\\Arnav\\Desktop\\programming\\mypy_plugin\\lean_proofs\\.lake\\packages\\plausible\\.lake\\build\\lib\\lean;C:\\Users\\Arnav\\Desktop\\programming\\mypy_plugin\\lean_proofs\\.lake\\packages\\mathlib\\.lake\\build\\lib\\lean;C:\\Users\\Arnav\\Desktop\\programming\\mypy_plugin\\lean_proofs\\.lake\\build\\lib\\lean c:\\Users\\Arnav\\.elan\\toolchains\\leanprover--lean4---v4.28.0\\bin\\lean.exe C:\\Users\\Arnav\\Desktop\\programming\\mypy_plugin\\lean_proofs\\RequestProject\\Semantics.lean -o C:\\Users\\Arnav\\Desktop\\programming\\mypy_plugin\\lean_proofs\\.lake\\build\\lib\\lean\\RequestProject\\Semantics.olean -i C:\\Users\\Arnav\\Desktop\\programming\\mypy_plugin\\lean_proofs\\.lake\\build\\lib\\lean\\RequestProject\\Semantics.ilean -c C:\\Users\\Arnav\\Desktop\\programming\\mypy_plugin\\lean_proofs\\.lake\\build\\ir\\RequestProject\\Semantics.c --setup C:\\Users\\Arnav\\Desktop\\programming\\mypy_plugin\\lean_proofs\\.lake\\build\\ir\\RequestProject\\Semantics.setup.json --json",
   "level": "trace"}],
 "inputs":
 [["RequestProject.Semantics:deps",
   [["deps",
     [["RequestProject/RequestProject:extraDep",
       [["@RequestProject:extraDep", "00000000000006bb"]]],
      ["imports",
       [["RequestProject.Syntax transitive imports (legacy)",
         "12c1ba7185138d42"],
        ["RequestProject.Syntax:importAllArts", "55e0a5750869eb3a"]]]]],
    ["libs",
     [["import dynlibs", "00000000000006bb"],
      ["package external libraries", "00000000000006bb"],
      ["module dynlibs", "00000000000006bb"],
      ["module plugins", "00000000000006bb"]]]]],
  ["Lean 4.28.0, commit 7e01a1bf5c70fc6167d49c345d3bf80596e9a79b",
   "a96bc04a2e5e9630"],
  ["C:\\Users\\Arnav\\Desktop\\programming\\mypy_plugin\\lean_proofs\\RequestProject\\Semantics.lean",
   "7dee6ee84cb6d2a0"],
  ["options", "00000000000006bb"],
  ["Module.leanArgs: #[]", "00000000000006bb"]],
 "depHash": "1fde1c7dc401c1b8"}