{"synthetic": false,
 "schemaVersion": "2025-09-10",
 "outputs":
 {"o": ["8ff7588a2a33725f.olean"],
  "i": "2afa21f5c8db4029.ilean",
  "c": "86722d3b920ca4ca.c"},
 "log":
 [{"message":
   ".> LEAN_PATH=C:\\Users\\Arnav\\Desktop\\programming\\mypy_plugin\\lean_proofs\\.lake\\packages\\Cli\\.lake\\build\\lib\\lean;C:\\Users\\Arnav\\Desktop\\programming\\mypy_plugin\\lean_proofs\\.lake\\packages\\batteries\\.lake\\build\\lib\\lean;C:\\Users\\Arnav\\Desktop\\programming\\mypy_plugin\\lean_proofs\\.lake\\packages\\Qq\\.lake\\build\\lib\\lean;C:\\Users\\Arnav\\Desktop\\programming\\mypy_plugin\\lean_proofs\\.lake\\packages\\aesop\\.lake\\build\\lib\\lean;C:\\Users\\Arnav\\Desktop\\programming\\mypy_plugin\\lean_proofs\\.lake\\packages\\proofwidgets\\.lake\\build\\lib\\lean;C:\\Users\\Arnav\\Desktop\\programming\\mypy_plugin\\lean_proofs\\.lake\\packages\\importGraph\\.lake\\build\\lib\\lean;C:\\Users\\Arnav\\Desktop\\programming\\mypy_plugin\\lean_proofs\\.lake\\packages\\LeanSearchClient\\.lake\\build\\lib\\lean;C:\\Users\\Arnav\\Desktop\\programming\\mypy_plugin\\lean_proofs\\.lake\\packages\\plausible\\.lake\\build\\lib\\lean;C:\\Users\\Arnav\\Desktop\\programming\\mypy_plugin\\lean_proofs\\.lake\\packages\\mathlib\\.lake\\build\\lib\\lean;C:\\Users\\Arnav\\Desktop\\programming\\mypy_plugin\\lean_proofs\\.lake\\build\\lib\\lean c:\\Users\\Arnav\\.elan\\toolchains\\leanprover--lean4---v4.28.0\\bin\\lean.exe C:\\Users\\Arnav\\Desktop\\programming\\mypy_plugin\\lean_proofs\\RequestProject\\Syntax.lean -o C:\\Users\\Arnav\\Desktop\\programming\\mypy_plugin\\lean_proofs\\.lake\\build\\lib\\lean\\RequestProject\\Syntax.olean -i C:\\Users\\Arnav\\Desktop\\programming\\mypy_plugin\\lean_proofs\\.lake\\build\\lib\\lean\\RequestProject\\Syntax.ilean -c C:\\Users\\Arnav\\Desktop\\programming\\mypy_plugin\\lean_proofs\\.lake\\build\\ir\\RequestProject\\Syntax.c --setup C:\\Users\\Arnav\\Desktop\\programming\\mypy_plugin\\lean_proofs\\.lake\\build\\ir\\RequestProject\\Syntax.setup.json --json",
   "level": "trace"}],
 "inputs":
 [["RequestProject.Syntax:deps",
   [["deps",
     [["RequestProject/RequestProject:extraDep",
       [["@RequestProject:extraDep", "00000000000006bb"]]],
      ["imports",
       [["Mathlib transitive imports (legacy)", "8fd896a9b3011bd6"],
        ["Mathlib:importAllArts", "8fc2a9ec06d95bdc"]]]]],
    ["libs",
     [["import dynlibs", "00000000000006bb"],
      ["package external libraries", "00000000000006bb"],
      ["module dynlibs", "00000000000006bb"],
      ["module plugins", "00000000000006bb"]]]]],
  ["Lean 4.28.0, commit 7e01a1bf5c70fc6167d49c345d3bf80596e9a79b",
   "a96bc04a2e5e9630"],
  ["C:\\Users\\Arnav\\Desktop\\programming\\mypy_plugin\\lean_proofs\\RequestProject\\Syntax.lean",
   "1fa54cc228b5608c"],
  ["options", "00000000000006bb"],
  ["Module.leanArgs: #[]", "00000000000006bb"]],
 "depHash": "fbe6624fc742c37e"}