{"synthetic": false,
 "schemaVersion": "2025-09-10",
 "outputs":
 {"o": ["2fa58b09028e8bc0.olean"],
  "i": "5caefa4748f21b6b.ilean",
  "c": "c2b84dae6cefa34d.c"},
 "log":
 [{"message":
   ".> LEAN_PATH=C:\\Users\\Arnav\\Desktop\\programming\\mypy_plugin\\lean_proofs\\.lake\\packages\\Cli\\.lake\\build\\lib\\lean;C:\\Users\\Arnav\\Desktop\\programming\\mypy_plugin\\lean_proofs\\.lake\\packages\\batteries\\.lake\\build\\lib\\lean;C:\\Users\\Arnav\\Desktop\\programming\\mypy_plugin\\lean_proofs\\.lake\\packages\\Qq\\.lake\\build\\lib\\lean;C:\\Users\\Arnav\\Desktop\\programming\\mypy_plugin\\lean_proofs\\.lake\\packages\\aesop\\.lake\\build\\lib\\lean;C:\\Users\\Arnav\\Desktop\\programming\\mypy_plugin\\lean_proofs\\.lake\\packages\\proofwidgets\\.lake\\build\\lib\\lean;C:\\Users\\Arnav\\Desktop\\programming\\mypy_plugin\\lean_proofs\\.lake\\packages\\importGraph\\.lake\\build\\lib\\lean;C:\\Users\\Arnav\\Desktop\\programming\\mypy_plugin\\lean_proofs\\.lake\\packages\\LeanSearchClient\\.lake\\build\\lib\\lean;C:\\Users\\Arnav\\Desktop\\programming\\mypy_plugin\\lean_proofs\\.lake\\packages\\plausible\\.lake\\build\\lib\\lean;C:\\Users\\Arnav\\Desktop\\programming\\mypy_plugin\\lean_proofs\\.lake\\packages\\mathlib\\.lake\\build\\lib\\lean;C:\\Users\\Arnav\\Desktop\\programming\\mypy_plugin\\lean_proofs\\.lake\\build\\lib\\lean c:\\Users\\Arnav\\.elan\\toolchains\\leanprover--lean4---v4.28.0\\bin\\lean.exe C:\\Users\\Arnav\\Desktop\\programming\\mypy_plugin\\lean_proofs\\RequestProject\\Typing.lean -o C:\\Users\\Arnav\\Desktop\\programming\\mypy_plugin\\lean_proofs\\.lake\\build\\lib\\lean\\RequestProject\\Typing.olean -i C:\\Users\\Arnav\\Desktop\\programming\\mypy_plugin\\lean_proofs\\.lake\\build\\lib\\lean\\RequestProject\\Typing.ilean -c C:\\Users\\Arnav\\Desktop\\programming\\mypy_plugin\\lean_proofs\\.lake\\build\\ir\\RequestProject\\Typing.c --setup C:\\Users\\Arnav\\Desktop\\programming\\mypy_plugin\\lean_proofs\\.lake\\build\\ir\\RequestProject\\Typing.setup.json --json",
   "level": "trace"}],
 "inputs":
 [["RequestProject.Typing:deps",
   [["deps",
     [["RequestProject/RequestProject:extraDep",
       [["@RequestProject:extraDep", "00000000000006bb"]]],
      ["imports",
       [["RequestProject.Semantics transitive imports (legacy)",
         "83de4ecda0a3af8e"],
        ["RequestProject.Semantics:importAllArts", "cc9ce74d8451be8b"]]]]],
    ["libs",
     [["import dynlibs", "00000000000006bb"],
      ["package external libraries", "00000000000006bb"],
      ["module dynlibs", "00000000000006bb"],
      ["module plugins", "00000000000006bb"]]]]],
  ["Lean 4.28.0, commit 7e01a1bf5c70fc6167d49c345d3bf80596e9a79b",
   "a96bc04a2e5e9630"],
  ["C:\\Users\\Arnav\\Desktop\\programming\\mypy_plugin\\lean_proofs\\RequestProject\\Typing.lean",
   "ac2d212e483e9b17"],
  ["options", "00000000000006bb"],
  ["Module.leanArgs: #[]", "00000000000006bb"]],
 "depHash": "1dbd0b6f6216c237"}